Case #1: our language is impossible to understand
Case #2: there are twenty six factorial possibilities
Case #3: so it is okay if you want to just give up
Case #4: xoggk d yl wxo vkkvgo ekso uyl wonw sywy
Case #5: xkf yto akj
Case #6: yabba dabba yabba dabba yabba dabba yabba dabba yabba dabba yabba dabba yabba dabba yabba dooooooooo
Case #7: a b c d e f g h i j k l m n o p q r s t u v y w x y z now i know my abcs
Case #8: next time wont you sing with me
Case #9: swift as the wind quiet as the forest steady as the mountain
Case #10: i have bested fruit spike and moon now i shall best you the guy
Case #11: each of us has his own special gift and you know this was meant to be true
Case #12: and if you dont underestimate me i wont underestimate you
Case #13: let lips do what hands do
Case #14: f of two equals f of one equals one
Case #15: for i between three and n f of i equals f of i minus one plus f of i minus two
Case #16: oh yeah alright were gonna shake it up with the party bear tonight
Case #17: in a world of direwolves and lions sometimes the rarest creature is a friend
Case #18: you pissed off the chicken lady
Case #19: you better cut the pizza in four pieces because im not hungry enough to eat six
Case #20: im commander shepard and this is my favorite problem on the google code jam
Case #21: greetings cheese popsicle the number you have dialed is currently out of porkchops
Case #22: right i forgot here in the states you call it a sausage in the mouth
Case #23: our code jam is like the pythagorean theorem
Case #24: there is no answer
Case #25: translating text is not goros strength
Case #26: strength is goros strength
Case #27: dr zaius dr zaius dr zaius dr zaius ooooooooooooh dr zaius
Case #28: my name is dug i have just met you and i looove you
Case #29: for those who speak in a tongue do not speak to other people
Case #30: nobody understands them since they are speaking mysteries in the spirit
